<?xml version="1.0" encoding="UTF-8"?>
<Site BuildName="(empty)"
	BuildStamp="20240424-1252-Experimental"
	Name="(empty)"
	Generator="ctest-3.29.2"
	CompilerName=""
	CompilerVersion=""
	OSName="Linux"
	Hostname="bogon"
	OSRelease="3.10.0-1160.114.2.el7.x86_64"
	OSVersion="#1 SMP Wed Mar 20 15:54:52 UTC 2024"
	OSPlatform="x86_64"
	Is64Bits="1"
	VendorString="GenuineIntel"
	VendorID="Intel Corporation"
	FamilyID="6"
	ModelID="158"
	ProcessorCacheSize="12288"
	NumberOfLogicalCPU="4"
	NumberOfPhysicalCPU="4"
	TotalVirtualMemory="2047"
	TotalPhysicalMemory="5786"
	LogicalProcessorsPerPhysical="1"
	ProcessorClockFrequency="2592"
	>
	<Testing>
		<StartDateTime>Apr 24 21:05 CST</StartDateTime>
		<StartTestTime>1713963932</StartTestTime>
		<TestList/>
		<EndDateTime>Apr 24 21:05 CST</EndDateTime>
		<EndTestTime>1713963932</EndTestTime>
		<ElapsedMinutes>0</ElapsedMinutes>
	</Testing>
</Site>
